[    38.052] 
X.Org X Server 1.18.4
Release Date: 2016-07-19
[    38.052] X Protocol Version 11, Revision 0
[    38.052] Build Operating System: Linux 4.4.0-83-generic x86_64 Ubuntu
[    38.052] Current Operating System: Linux LaMancha 4.13.0-32-generic #35~16.04.1-Ubuntu SMP Thu Jan 25 10:13:43 UTC 2018 x86_64
[    38.052] Kernel command line: BOOT_IMAGE=/boot/vmlinuz-4.13.0-32-generic root=UUID=3f05c991-6d8c-46f7-a857-4c63a4ff4f07 ro quiet splash vt.handoff=7
[    38.052] Build Date: 19 July 2017  01:17:34PM
[    38.052] xorg-server 2:1.18.4-1ubuntu6.1~16.04.2 (For technical support please see http://www.ubuntu.com/support) 
[    38.052] Current version of pixman: 0.33.6
[    38.052] 	Before reporting problems, check http://wiki.x.org
	to make sure that you have the latest version.
[    38.052] Markers: (--) probed, (**) from config file, (==) default setting,
	(++) from command line, (!!) notice, (II) informational,
	(WW) warning, (EE) error, (NI) not implemented, (??) unknown.
[    38.052] (==) Log file: "/var/log/Xorg.0.log", Time: Sun Mar 18 12:52:41 2018
[    38.079] (==) Using system config directory "/usr/share/X11/xorg.conf.d"
[    38.079] (==) No Layout section.  Using the first Screen section.
[    38.079] (==) No screen section available. Using defaults.
[    38.079] (**) |-->Screen "Default Screen Section" (0)
[    38.079] (**) |   |-->Monitor "<default monitor>"
[    38.117] (==) No monitor specified for screen "Default Screen Section".
	Using a default monitor configuration.
[    38.117] (==) Automatically adding devices
[    38.117] (==) Automatically enabling devices
[    38.117] (==) Automatically adding GPU devices
[    38.117] (==) Max clients allowed: 256, resource mask: 0x1fffff
[    38.117] (WW) The directory "/usr/share/fonts/X11/cyrillic" does not exist.
[    38.117] 	Entry deleted from font path.
[    38.117] (WW) The directory "/usr/share/fonts/X11/100dpi/" does not exist.
[    38.117] 	Entry deleted from font path.
[    38.117] (WW) The directory "/usr/share/fonts/X11/75dpi/" does not exist.
[    38.117] 	Entry deleted from font path.
[    38.117] (WW) The directory "/usr/share/fonts/X11/100dpi" does not exist.
[    38.117] 	Entry deleted from font path.
[    38.117] (WW) The directory "/usr/share/fonts/X11/75dpi" does not exist.
[    38.117] 	Entry deleted from font path.
[    38.117] (==) FontPath set to:
	/usr/share/fonts/X11/misc,
	/usr/share/fonts/X11/Type1,
	built-ins
[    38.117] (==) ModulePath set to "/usr/lib/x86_64-linux-gnu/xorg/extra-modules,/usr/lib/xorg/extra-modules,/usr/lib/xorg/modules"
[    38.117] (II) The server relies on udev to provide the list of input devices.
	If no devices become available, reconfigure udev or disable AutoAddDevices.
[    38.155] (II) Loader magic: 0x55f947943dc0
[    38.155] (II) Module ABI versions:
[    38.155] 	X.Org ANSI C Emulation: 0.4
[    38.155] 	X.Org Video Driver: 20.0
[    38.155] 	X.Org XInput driver : 22.1
[    38.155] 	X.Org Server Extension : 9.0
[    38.156] (++) using VT number 7

[    38.156] (II) systemd-logind: logind integration requires -keeptty and -keeptty was not provided, disabling logind integration
[    38.156] (II) xfree86: Adding drm device (/dev/dri/card0)
[    38.166] (--) PCI:*(0:0:2:0) 8086:0412:1849:0412 rev 6, Mem @ 0xef800000/4194304, 0xd0000000/268435456, I/O @ 0x0000f000/64, BIOS @ 0x????????/131072
[    38.166] (II) LoadModule: "glx"
[    38.246] (II) Loading /usr/lib/xorg/modules/extensions/libglx.so
[    39.456] (II) Module glx: vendor="X.Org Foundation"
[    39.456] 	compiled for 1.18.4, module version = 1.0.0
[    39.456] 	ABI class: X.Org Server Extension, version 9.0
[    39.456] (==) AIGLX enabled
[    39.456] (==) Matched modesetting as autoconfigured driver 0
[    39.456] (==) Matched fbdev as autoconfigured driver 1
[    39.456] (==) Matched vesa as autoconfigured driver 2
[    39.456] (==) Assigned the driver to the xf86ConfigLayout
[    39.456] (II) LoadModule: "modesetting"
[    39.456] (II) Loading /usr/lib/xorg/modules/drivers/modesetting_drv.so
[    39.457] (II) Module modesetting: vendor="X.Org Foundation"
[    39.457] 	compiled for 1.18.4, module version = 1.18.4
[    39.457] 	Module class: X.Org Video Driver
[    39.457] 	ABI class: X.Org Video Driver, version 20.0
[    39.457] (II) LoadModule: "fbdev"
[    39.457] (II) Loading /usr/lib/xorg/modules/drivers/fbdev_drv.so
[    39.457] (II) Module fbdev: vendor="X.Org Foundation"
[    39.457] 	compiled for 1.18.4, module version = 0.4.4
[    39.457] 	Module class: X.Org Video Driver
[    39.457] 	ABI class: X.Org Video Driver, version 20.0
[    39.457] (II) LoadModule: "vesa"
[    39.457] (II) Loading /usr/lib/xorg/modules/drivers/vesa_drv.so
[    39.457] (II) Module vesa: vendor="X.Org Foundation"
[    39.457] 	compiled for 1.18.4, module version = 2.3.4
[    39.457] 	Module class: X.Org Video Driver
[    39.457] 	ABI class: X.Org Video Driver, version 20.0
[    39.457] (II) modesetting: Driver for Modesetting Kernel Drivers: kms
[    39.457] (II) FBDEV: driver for framebuffer: fbdev
[    39.457] (II) VESA: driver for VESA chipsets: vesa
[    39.465] (II) modeset(0): using drv /dev/dri/card0
[    39.465] (WW) Falling back to old probe method for fbdev
[    39.465] (II) Loading sub module "fbdevhw"
[    39.465] (II) LoadModule: "fbdevhw"
[    39.465] (II) Loading /usr/lib/xorg/modules/libfbdevhw.so
[    39.465] (II) Module fbdevhw: vendor="X.Org Foundation"
[    39.465] 	compiled for 1.18.4, module version = 0.0.2
[    39.465] 	ABI class: X.Org Video Driver, version 20.0
[    39.465] (WW) Falling back to old probe method for vesa
[    39.465] (II) modeset(0): Creating default Display subsection in Screen section
	"Default Screen Section" for depth/fbbpp 24/32
[    39.465] (==) modeset(0): Depth 24, (==) framebuffer bpp 32
[    39.465] (==) modeset(0): RGB weight 888
[    39.465] (==) modeset(0): Default visual is TrueColor
[    39.465] (II) Loading sub module "glamoregl"
[    39.465] (II) LoadModule: "glamoregl"
[    39.465] (II) Loading /usr/lib/xorg/modules/libglamoregl.so
[    39.796] (II) Module glamoregl: vendor="X.Org Foundation"
[    39.796] 	compiled for 1.18.4, module version = 1.0.0
[    39.796] 	ABI class: X.Org ANSI C Emulation, version 0.4
[    39.796] (II) glamor: OpenGL accelerated X.org driver based.
[    40.370] (II) glamor: EGL version 1.4 (DRI2):
[    40.404] (II) modeset(0): glamor initialized
[    40.408] (II) modeset(0): Output VGA-1 has no monitor section
[    40.450] (II) modeset(0): Output HDMI-1 has no monitor section
[    40.526] (II) modeset(0): Output HDMI-2 has no monitor section
[    40.530] (II) modeset(0): EDID for output VGA-1
[    40.572] (II) modeset(0): EDID for output HDMI-1
[    40.572] (II) modeset(0): Manufacturer: HWP  Model: 2966  Serial#: 16843009
[    40.572] (II) modeset(0): Year: 2012  Week: 45
[    40.572] (II) modeset(0): EDID Version: 1.3
[    40.572] (II) modeset(0): Digital Display Input
[    40.572] (II) modeset(0): Max Image Size [cm]: horiz.: 48  vert.: 27
[    40.572] (II) modeset(0): Gamma: 2.20
[    40.572] (II) modeset(0): DPMS capabilities: Off
[    40.572] (II) modeset(0): Supported color encodings: RGB 4:4:4 YCrCb 4:4:4 
[    40.572] (II) modeset(0): First detailed timing is preferred mode
[    40.572] (II) modeset(0): redX: 0.631 redY: 0.349   greenX: 0.341 greenY: 0.622
[    40.572] (II) modeset(0): blueX: 0.152 blueY: 0.053   whiteX: 0.313 whiteY: 0.329
[    40.572] (II) modeset(0): Supported established timings:
[    40.572] (II) modeset(0): 720x400@70Hz
[    40.572] (II) modeset(0): 640x480@60Hz
[    40.572] (II) modeset(0): 800x600@60Hz
[    40.572] (II) modeset(0): 1024x768@60Hz
[    40.572] (II) modeset(0): Manufacturer's mask: 0
[    40.572] (II) modeset(0): Supported standard timings:
[    40.572] (II) modeset(0): #0: hsize: 1920  vsize 1080  refresh: 60  vid: 49361
[    40.572] (II) modeset(0): #1: hsize: 1280  vsize 720  refresh: 60  vid: 49281
[    40.572] (II) modeset(0): #2: hsize: 1680  vsize 1050  refresh: 60  vid: 179
[    40.572] (II) modeset(0): #3: hsize: 1440  vsize 900  refresh: 60  vid: 149
[    40.572] (II) modeset(0): #4: hsize: 1280  vsize 1024  refresh: 60  vid: 32897
[    40.572] (II) modeset(0): Supported detailed timing:
[    40.572] (II) modeset(0): clock: 148.5 MHz   Image Size:  476 x 268 mm
[    40.572] (II) modeset(0): h_active: 1920  h_sync: 2008  h_sync_end 2052 h_blank_end 2200 h_border: 0
[    40.572] (II) modeset(0): v_active: 1080  v_sync: 1084  v_sync_end 1089 v_blanking: 1125 v_border: 0
[    40.572] (II) modeset(0): Ranges: V min: 50 V max: 76 Hz, H min: 24 H max: 94 kHz, PixClock max 175 MHz
[    40.572] (II) modeset(0): Monitor name: HP LE2202x
[    40.572] (II) modeset(0): Serial No: 3CQ2451NVT
[    40.572] (II) modeset(0): EDID (in hex):
[    40.572] (II) modeset(0): 	00ffffffffffff0022f0662901010101
[    40.572] (II) modeset(0): 	2d16010380301b782a9525a159579f27
[    40.572] (II) modeset(0): 	0d5054a10800d1c081c0b30095008180
[    40.572] (II) modeset(0): 	010101010101023a801871382d40582c
[    40.572] (II) modeset(0): 	4500dc0c1100001e000000fd00324c18
[    40.572] (II) modeset(0): 	5e11000a202020202020000000fc0048
[    40.572] (II) modeset(0): 	50204c4532323032780a2020000000ff
[    40.572] (II) modeset(0): 	00334351323435314e56540a2020002a
[    40.572] (II) modeset(0): Printing probed modes for output HDMI-1
[    40.572] (II) modeset(0): Modeline "1920x1080"x60.0  148.50  1920 2008 2052 2200  1080 1084 1089 1125 +hsync +vsync (67.5 kHz eP)
[    40.572] (II) modeset(0): Modeline "1680x1050"x59.9  119.00  1680 1728 1760 1840  1050 1053 1059 1080 +hsync -vsync (64.7 kHz e)
[    40.572] (II) modeset(0): Modeline "1280x1024"x60.0  108.00  1280 1328 1440 1688  1024 1025 1028 1066 +hsync +vsync (64.0 kHz e)
[    40.572] (II) modeset(0): Modeline "1440x900"x59.9   88.75  1440 1488 1520 1600  900 903 909 926 +hsync -vsync (55.5 kHz e)
[    40.572] (II) modeset(0): Modeline "1280x720"x60.0   74.25  1280 1390 1430 1650  720 725 730 750 +hsync +vsync (45.0 kHz e)
[    40.572] (II) modeset(0): Modeline "1024x768"x60.0   65.00  1024 1048 1184 1344  768 771 777 806 -hsync -vsync (48.4 kHz e)
[    40.572] (II) modeset(0): Modeline "800x600"x60.3   40.00  800 840 968 1056  600 601 605 628 +hsync +vsync (37.9 kHz e)
[    40.572] (II) modeset(0): Modeline "640x480"x59.9   25.18  640 656 752 800  480 490 492 525 -hsync -vsync (31.5 kHz e)
[    40.572] (II) modeset(0): Modeline "720x400"x70.1   28.32  720 738 846 900  400 412 414 449 -hsync +vsync (31.5 kHz e)
[    40.648] (II) modeset(0): EDID for output HDMI-2
[    40.648] (II) modeset(0): Manufacturer: SAM  Model: 7f4  Serial#: 1515467857
[    40.648] (II) modeset(0): Year: 2011  Week: 52
[    40.648] (II) modeset(0): EDID Version: 1.3
[    40.648] (II) modeset(0): Digital Display Input
[    40.648] (II) modeset(0): Max Image Size [cm]: horiz.: 51  vert.: 29
[    40.648] (II) modeset(0): Gamma: 2.20
[    40.648] (II) modeset(0): DPMS capabilities: Off
[    40.648] (II) modeset(0): Supported color encodings: RGB 4:4:4 YCrCb 4:4:4 
[    40.648] (II) modeset(0): First detailed timing is preferred mode
[    40.648] (II) modeset(0): redX: 0.644 redY: 0.339   greenX: 0.311 greenY: 0.613
[    40.648] (II) modeset(0): blueX: 0.152 blueY: 0.062   whiteX: 0.312 whiteY: 0.329
[    40.648] (II) modeset(0): Supported established timings:
[    40.648] (II) modeset(0): 720x400@70Hz
[    40.648] (II) modeset(0): 640x480@60Hz
[    40.648] (II) modeset(0): 640x480@67Hz
[    40.648] (II) modeset(0): 640x480@72Hz
[    40.648] (II) modeset(0): 640x480@75Hz
[    40.648] (II) modeset(0): 800x600@56Hz
[    40.648] (II) modeset(0): 800x600@60Hz
[    40.648] (II) modeset(0): 800x600@72Hz
[    40.648] (II) modeset(0): 800x600@75Hz
[    40.648] (II) modeset(0): 832x624@75Hz
[    40.648] (II) modeset(0): 1024x768@60Hz
[    40.648] (II) modeset(0): 1024x768@70Hz
[    40.648] (II) modeset(0): 1024x768@75Hz
[    40.648] (II) modeset(0): 1280x1024@75Hz
[    40.648] (II) modeset(0): 1152x864@75Hz
[    40.648] (II) modeset(0): Manufacturer's mask: 0
[    40.648] (II) modeset(0): Supported standard timings:
[    40.648] (II) modeset(0): #0: hsize: 1600  vsize 1200  refresh: 60  vid: 16553
[    40.648] (II) modeset(0): #1: hsize: 1280  vsize 1024  refresh: 60  vid: 32897
[    40.648] (II) modeset(0): #2: hsize: 1280  vsize 960  refresh: 60  vid: 16513
[    40.648] (II) modeset(0): #3: hsize: 1280  vsize 800  refresh: 60  vid: 129
[    40.648] (II) modeset(0): #4: hsize: 1440  vsize 900  refresh: 60  vid: 149
[    40.648] (II) modeset(0): #5: hsize: 1680  vsize 1050  refresh: 60  vid: 179
[    40.648] (II) modeset(0): #6: hsize: 1152  vsize 864  refresh: 75  vid: 20337
[    40.648] (II) modeset(0): #7: hsize: 1440  vsize 900  refresh: 75  vid: 3989
[    40.648] (II) modeset(0): Supported detailed timing:
[    40.648] (II) modeset(0): clock: 148.5 MHz   Image Size:  510 x 287 mm
[    40.648] (II) modeset(0): h_active: 1920  h_sync: 2008  h_sync_end 2052 h_blank_end 2200 h_border: 0
[    40.648] (II) modeset(0): v_active: 1080  v_sync: 1084  v_sync_end 1089 v_blanking: 1125 v_border: 0
[    40.648] (II) modeset(0): Supported detailed timing:
[    40.648] (II) modeset(0): clock: 74.2 MHz   Image Size:  510 x 287 mm
[    40.648] (II) modeset(0): h_active: 1280  h_sync: 1390  h_sync_end 1430 h_blank_end 1650 h_border: 0
[    40.648] (II) modeset(0): v_active: 720  v_sync: 725  v_sync_end 730 v_blanking: 750 v_border: 0
[    40.648] (II) modeset(0): Ranges: V min: 56 V max: 75 Hz, H min: 30 H max: 81 kHz, PixClock max 175 MHz
[    40.648] (II) modeset(0): Monitor name: SMC23A550U
[    40.648] (II) modeset(0): Supported detailed timing:
[    40.648] (II) modeset(0): clock: 74.2 MHz   Image Size:  510 x 287 mm
[    40.648] (II) modeset(0): h_active: 1920  h_sync: 2448  h_sync_end 2492 h_blank_end 2640 h_border: 0
[    40.648] (II) modeset(0): v_active: 540  v_sync: 542  v_sync_end 547 v_blanking: 562 v_border: 0
[    40.648] (II) modeset(0): Supported detailed timing:
[    40.648] (II) modeset(0): clock: 74.2 MHz   Image Size:  510 x 287 mm
[    40.648] (II) modeset(0): h_active: 1920  h_sync: 2008  h_sync_end 2052 h_blank_end 2200 h_border: 0
[    40.648] (II) modeset(0): v_active: 540  v_sync: 542  v_sync_end 547 v_blanking: 562 v_border: 0
[    40.648] (II) modeset(0): Supported detailed timing:
[    40.648] (II) modeset(0): clock: 74.2 MHz   Image Size:  510 x 287 mm
[    40.648] (II) modeset(0): h_active: 1280  h_sync: 1720  h_sync_end 1760 h_blank_end 1980 h_border: 0
[    40.648] (II) modeset(0): v_active: 720  v_sync: 725  v_sync_end 730 v_blanking: 750 v_border: 0
[    40.648] (II) modeset(0): Supported detailed timing:
[    40.648] (II) modeset(0): clock: 27.0 MHz   Image Size:  510 x 287 mm
[    40.648] (II) modeset(0): h_active: 720  h_sync: 732  h_sync_end 796 h_blank_end 864 h_border: 0
[    40.648] (II) modeset(0): v_active: 576  v_sync: 581  v_sync_end 586 v_blanking: 625 v_border: 0
[    40.648] (II) modeset(0): Supported detailed timing:
[    40.648] (II) modeset(0): clock: 27.0 MHz   Image Size:  510 x 287 mm
[    40.648] (II) modeset(0): h_active: 720  h_sync: 736  h_sync_end 798 h_blank_end 858 h_border: 0
[    40.648] (II) modeset(0): v_active: 480  v_sync: 489  v_sync_end 495 v_blanking: 525 v_border: 0
[    40.648] (II) modeset(0): Number of EDID sections to follow: 1
[    40.648] (II) modeset(0): EDID (in hex):
[    40.648] (II) modeset(0): 	00ffffffffffff004c2df4075134545a
[    40.648] (II) modeset(0): 	3415010380331d782af831a4564f9d27
[    40.648] (II) modeset(0): 	0f5054bfef80a9408180814081009500
[    40.648] (II) modeset(0): 	b300714f950f023a801871382d40582c
[    40.648] (II) modeset(0): 	4500fe1f1100001e011d007251d01e20
[    40.648] (II) modeset(0): 	6e285500fe1f1100001e000000fd0038
[    40.648] (II) modeset(0): 	4b1e5111000a202020202020000000fc
[    40.648] (II) modeset(0): 	00534d43323341353530550a20200103
[    40.648] (II) modeset(0): 	02031cf14890041f0514130312230907
[    40.648] (II) modeset(0): 	078301000066030c00100080011d80d0
[    40.648] (II) modeset(0): 	721c1620102c2580fe1f1100009e011d
[    40.648] (II) modeset(0): 	8018711c1620582c2500fe1f1100009e
[    40.648] (II) modeset(0): 	011d00bc52d01e20b8285540fe1f1100
[    40.648] (II) modeset(0): 	001e8c0ad090204031200c405500fe1f
[    40.648] (II) modeset(0): 	110000188c0ad08a20e02d10103e9600
[    40.648] (II) modeset(0): 	fe1f1100001800000000000000000042
[    40.648] (II) modeset(0): Printing probed modes for output HDMI-2
[    40.648] (II) modeset(0): Modeline "1920x1080"x60.0  148.50  1920 2008 2052 2200  1080 1084 1089 1125 +hsync +vsync (67.5 kHz eP)
[    40.648] (II) modeset(0): Modeline "1920x1080"x50.0  148.50  1920 2448 2492 2640  1080 1084 1089 1125 +hsync +vsync (56.2 kHz e)
[    40.648] (II) modeset(0): Modeline "1920x1080"x59.9  148.35  1920 2008 2052 2200  1080 1084 1089 1125 +hsync +vsync (67.4 kHz e)
[    40.648] (II) modeset(0): Modeline "1920x1080i"x60.0   74.25  1920 2008 2052 2200  1080 1084 1094 1125 interlace +hsync +vsync (33.8 kHz e)
[    40.648] (II) modeset(0): Modeline "1920x1080i"x50.0   74.25  1920 2448 2492 2640  1080 1084 1094 1125 interlace +hsync +vsync (28.1 kHz e)
[    40.648] (II) modeset(0): Modeline "1920x1080i"x59.9   74.18  1920 2008 2052 2200  1080 1084 1094 1125 interlace +hsync +vsync (33.7 kHz e)
[    40.648] (II) modeset(0): Modeline "1600x1200"x60.0  162.00  1600 1664 1856 2160  1200 1201 1204 1250 +hsync +vsync (75.0 kHz e)
[    40.648] (II) modeset(0): Modeline "1680x1050"x59.9  119.00  1680 1728 1760 1840  1050 1053 1059 1080 +hsync -vsync (64.7 kHz e)
[    40.648] (II) modeset(0): Modeline "1280x1024"x75.0  135.00  1280 1296 1440 1688  1024 1025 1028 1066 +hsync +vsync (80.0 kHz e)
[    40.648] (II) modeset(0): Modeline "1280x1024"x60.0  108.00  1280 1328 1440 1688  1024 1025 1028 1066 +hsync +vsync (64.0 kHz e)
[    40.648] (II) modeset(0): Modeline "1440x900"x75.0  136.75  1440 1536 1688 1936  900 903 909 942 -hsync +vsync (70.6 kHz e)
[    40.648] (II) modeset(0): Modeline "1440x900"x59.9   88.75  1440 1488 1520 1600  900 903 909 926 +hsync -vsync (55.5 kHz e)
[    40.648] (II) modeset(0): Modeline "1280x960"x60.0  108.00  1280 1376 1488 1800  960 961 964 1000 +hsync +vsync (60.0 kHz e)
[    40.648] (II) modeset(0): Modeline "1280x800"x59.9   71.00  1280 1328 1360 1440  800 803 809 823 +hsync -vsync (49.3 kHz e)
[    40.648] (II) modeset(0): Modeline "1152x864"x75.0  108.00  1152 1216 1344 1600  864 865 868 900 +hsync +vsync (67.5 kHz e)
[    40.648] (II) modeset(0): Modeline "1280x720"x60.0   74.25  1280 1390 1430 1650  720 725 730 750 +hsync +vsync (45.0 kHz e)
[    40.648] (II) modeset(0): Modeline "1280x720"x50.0   74.25  1280 1720 1760 1980  720 725 730 750 +hsync +vsync (37.5 kHz e)
[    40.648] (II) modeset(0): Modeline "1280x720"x59.9   74.18  1280 1390 1430 1650  720 725 730 750 +hsync +vsync (45.0 kHz e)
[    40.648] (II) modeset(0): Modeline "1024x768"x75.0   78.75  1024 1040 1136 1312  768 769 772 800 +hsync +vsync (60.0 kHz e)
[    40.648] (II) modeset(0): Modeline "1024x768"x70.1   75.00  1024 1048 1184 1328  768 771 777 806 -hsync -vsync (56.5 kHz e)
[    40.648] (II) modeset(0): Modeline "1024x768"x60.0   65.00  1024 1048 1184 1344  768 771 777 806 -hsync -vsync (48.4 kHz e)
[    40.648] (II) modeset(0): Modeline "832x624"x74.6   57.28  832 864 928 1152  624 625 628 667 -hsync -vsync (49.7 kHz e)
[    40.648] (II) modeset(0): Modeline "800x600"x72.2   50.00  800 856 976 1040  600 637 643 666 +hsync +vsync (48.1 kHz e)
[    40.648] (II) modeset(0): Modeline "800x600"x75.0   49.50  800 816 896 1056  600 601 604 625 +hsync +vsync (46.9 kHz e)
[    40.648] (II) modeset(0): Modeline "800x600"x60.3   40.00  800 840 968 1056  600 601 605 628 +hsync +vsync (37.9 kHz e)
[    40.648] (II) modeset(0): Modeline "800x600"x56.2   36.00  800 824 896 1024  600 601 603 625 +hsync +vsync (35.2 kHz e)
[    40.648] (II) modeset(0): Modeline "720x576"x50.0   27.00  720 732 796 864  576 581 586 625 -hsync -vsync (31.2 kHz e)
[    40.648] (II) modeset(0): Modeline "720x480"x60.0   27.03  720 736 798 858  480 489 495 525 -hsync -vsync (31.5 kHz e)
[    40.648] (II) modeset(0): Modeline "720x480"x59.9   27.00  720 736 798 858  480 489 495 525 -hsync -vsync (31.5 kHz e)
[    40.648] (II) modeset(0): Modeline "640x480"x75.0   31.50  640 656 720 840  480 481 484 500 -hsync -vsync (37.5 kHz e)
[    40.648] (II) modeset(0): Modeline "640x480"x72.8   31.50  640 664 704 832  480 489 492 520 -hsync -vsync (37.9 kHz e)
[    40.648] (II) modeset(0): Modeline "640x480"x66.7   30.24  640 704 768 864  480 483 486 525 -hsync -vsync (35.0 kHz e)
[    40.648] (II) modeset(0): Modeline "640x480"x60.0   25.20  640 656 752 800  480 490 492 525 -hsync -vsync (31.5 kHz e)
[    40.648] (II) modeset(0): Modeline "640x480"x59.9   25.18  640 656 752 800  480 490 492 525 -hsync -vsync (31.5 kHz e)
[    40.648] (II) modeset(0): Modeline "720x400"x70.1   28.32  720 738 846 900  400 412 414 449 -hsync +vsync (31.5 kHz e)
[    40.648] (II) modeset(0): Output VGA-1 disconnected
[    40.648] (II) modeset(0): Output HDMI-1 connected
[    40.648] (II) modeset(0): Output HDMI-2 connected
[    40.648] (II) modeset(0): Using spanning desktop for initial modes
[    40.648] (II) modeset(0): Output HDMI-1 using initial mode 1920x1080 +0+0
[    40.648] (II) modeset(0): Output HDMI-2 using initial mode 1920x1080 +1920+0
[    40.648] (II) modeset(0): Using default gamma of (1.0, 1.0, 1.0) unless otherwise stated.
[    40.648] (==) modeset(0): DPI set to (96, 96)
[    40.648] (II) Loading sub module "fb"
[    40.648] (II) LoadModule: "fb"
[    40.648] (II) Loading /usr/lib/xorg/modules/libfb.so
[    40.649] (II) Module fb: vendor="X.Org Foundation"
[    40.649] 	compiled for 1.18.4, module version = 1.0.0
[    40.649] 	ABI class: X.Org ANSI C Emulation, version 0.4
[    40.649] (II) UnloadModule: "fbdev"
[    40.649] (II) Unloading fbdev
[    40.649] (II) UnloadSubModule: "fbdevhw"
[    40.649] (II) Unloading fbdevhw
[    40.649] (II) UnloadModule: "vesa"
[    40.649] (II) Unloading vesa
[    40.649] (==) Depth 24 pixmap format is 32 bpp
[    41.110] (==) modeset(0): Backing store enabled
[    41.110] (==) modeset(0): Silken mouse enabled
[    41.161] (II) modeset(0): RandR 1.2 enabled, ignore the following RandR disabled message.
[    41.314] (==) modeset(0): DPMS enabled
[    41.314] (II) modeset(0): [DRI2] Setup complete
[    41.314] (II) modeset(0): [DRI2]   DRI driver: i965
[    41.314] (II) modeset(0): [DRI2]   VDPAU driver: i965
[    41.398] (--) RandR disabled
[    41.509] (II) SELinux: Disabled on system
[    41.566] (II) AIGLX: enabled GLX_MESA_copy_sub_buffer
[    41.566] (II) AIGLX: enabled GLX_ARB_create_context
[    41.566] (II) AIGLX: enabled GLX_ARB_create_context_profile
[    41.566] (II) AIGLX: enabled GLX_EXT_create_context_es{,2}_profile
[    41.566] (II) AIGLX: enabled GLX_INTEL_swap_event
[    41.566] (II) AIGLX: enabled GLX_SGI_swap_control and GLX_MESA_swap_control
[    41.566] (II) AIGLX: enabled GLX_EXT_framebuffer_sRGB
[    41.566] (II) AIGLX: enabled GLX_ARB_fbconfig_float
[    41.566] (II) AIGLX: enabled GLX_EXT_fbconfig_packed_float
[    41.566] (II) AIGLX: GLX_EXT_texture_from_pixmap backed by buffer objects
[    41.566] (II) AIGLX: enabled GLX_ARB_create_context_robustness
[    41.566] (II) AIGLX: Loaded and initialized i965
[    41.566] (II) GLX: Initialized DRI2 GL provider for screen 0
[    41.665] (II) modeset(0): Damage tracking initialized
[    41.665] (II) modeset(0): Setting screen physical size to 1016 x 285
[    41.879] (II) config/udev: Adding input device Power Button (/dev/input/event2)
[    41.879] (**) Power Button: Applying InputClass "evdev keyboard catchall"
[    41.879] (II) LoadModule: "evdev"
[    41.879] (II) Loading /usr/lib/xorg/modules/input/evdev_drv.so
[    42.079] (II) Module evdev: vendor="X.Org Foundation"
[    42.079] 	compiled for 1.18.4, module version = 2.10.2
[    42.079] 	Module class: X.Org XInput Driver
[    42.079] 	ABI class: X.Org XInput driver, version 22.1
[    42.079] (II) Using input driver 'evdev' for 'Power Button'
[    42.079] (**) Power Button: always reports core events
[    42.079] (**) evdev: Power Button: Device: "/dev/input/event2"
[    42.079] (--) evdev: Power Button: Vendor 0 Product 0x1
[    42.079] (--) evdev: Power Button: Found keys
[    42.079] (II) evdev: Power Button: Configuring as keyboard
[    42.079] (**) Option "config_info" "udev:/sys/devices/LNXSYSTM:00/LNXPWRBN:00/input/input2/event2"
[    42.079] (II) XINPUT: Adding extended input device "Power Button" (type: KEYBOARD, id 6)
[    42.079] (**) Option "xkb_rules" "evdev"
[    42.079] (**) Option "xkb_model" "pc105"
[    42.079] (**) Option "xkb_layout" "us"
[    42.079] (II) config/udev: Adding input device Video Bus (/dev/input/event3)
[    42.079] (**) Video Bus: Applying InputClass "evdev keyboard catchall"
[    42.079] (II) Using input driver 'evdev' for 'Video Bus'
[    42.079] (**) Video Bus: always reports core events
[    42.079] (**) evdev: Video Bus: Device: "/dev/input/event3"
[    42.079] (--) evdev: Video Bus: Vendor 0 Product 0x6
[    42.079] (--) evdev: Video Bus: Found keys
[    42.079] (II) evdev: Video Bus: Configuring as keyboard
[    42.079] (**) Option "config_info" "udev:/sys/devices/LNXSYSTM:00/LNXSYBUS:00/PNP0A08:00/LNXVIDEO:00/input/input3/event3"
[    42.079] (II) XINPUT: Adding extended input device "Video Bus" (type: KEYBOARD, id 7)
[    42.079] (**) Option "xkb_rules" "evdev"
[    42.079] (**) Option "xkb_model" "pc105"
[    42.079] (**) Option "xkb_layout" "us"
[    42.080] (II) config/udev: Adding input device Power Button (/dev/input/event0)
[    42.080] (**) Power Button: Applying InputClass "evdev keyboard catchall"
[    42.080] (II) Using input driver 'evdev' for 'Power Button'
[    42.080] (**) Power Button: always reports core events
[    42.080] (**) evdev: Power Button: Device: "/dev/input/event0"
[    42.080] (--) evdev: Power Button: Vendor 0 Product 0x1
[    42.080] (--) evdev: Power Button: Found keys
[    42.080] (II) evdev: Power Button: Configuring as keyboard
[    42.080] (**) Option "config_info" "udev:/sys/devices/LNXSYSTM:00/LNXSYBUS:00/PNP0C0C:00/input/input0/event0"
[    42.080] (II) XINPUT: Adding extended input device "Power Button" (type: KEYBOARD, id 8)
[    42.080] (**) Option "xkb_rules" "evdev"
[    42.080] (**) Option "xkb_model" "pc105"
[    42.080] (**) Option "xkb_layout" "us"
[    42.080] (II) config/udev: Adding input device Sleep Button (/dev/input/event1)
[    42.080] (**) Sleep Button: Applying InputClass "evdev keyboard catchall"
[    42.080] (II) Using input driver 'evdev' for 'Sleep Button'
[    42.080] (**) Sleep Button: always reports core events
[    42.080] (**) evdev: Sleep Button: Device: "/dev/input/event1"
[    42.080] (--) evdev: Sleep Button: Vendor 0 Product 0x3
[    42.080] (--) evdev: Sleep Button: Found keys
[    42.080] (II) evdev: Sleep Button: Configuring as keyboard
[    42.080] (**) Option "config_info" "udev:/sys/devices/LNXSYSTM:00/LNXSYBUS:00/PNP0C0E:00/input/input1/event1"
[    42.080] (II) XINPUT: Adding extended input device "Sleep Button" (type: KEYBOARD, id 9)
[    42.080] (**) Option "xkb_rules" "evdev"
[    42.080] (**) Option "xkb_model" "pc105"
[    42.080] (**) Option "xkb_layout" "us"
[    42.080] (II) config/udev: Adding input device HDA Intel HDMI HDMI/DP,pcm=10 (/dev/input/event10)
[    42.080] (II) No input driver specified, ignoring this device.
[    42.080] (II) This device may have been added with another device file.
[    42.081] (II) config/udev: Adding input device HDA Intel HDMI HDMI/DP,pcm=3 (/dev/input/event6)
[    42.081] (II) No input driver specified, ignoring this device.
[    42.081] (II) This device may have been added with another device file.
[    42.081] (II) config/udev: Adding input device HDA Intel HDMI HDMI/DP,pcm=7 (/dev/input/event7)
[    42.081] (II) No input driver specified, ignoring this device.
[    42.081] (II) This device may have been added with another device file.
[    42.081] (II) config/udev: Adding input device HDA Intel HDMI HDMI/DP,pcm=8 (/dev/input/event8)
[    42.081] (II) No input driver specified, ignoring this device.
[    42.081] (II) This device may have been added with another device file.
[    42.081] (II) config/udev: Adding input device HDA Intel HDMI HDMI/DP,pcm=9 (/dev/input/event9)
[    42.081] (II) No input driver specified, ignoring this device.
[    42.081] (II) This device may have been added with another device file.
[    42.081] (II) config/udev: Adding input device Compx 2.4G Receiver (/dev/input/event4)
[    42.081] (**) Compx 2.4G Receiver: Applying InputClass "evdev keyboard catchall"
[    42.081] (II) Using input driver 'evdev' for 'Compx 2.4G Receiver'
[    42.081] (**) Compx 2.4G Receiver: always reports core events
[    42.081] (**) evdev: Compx 2.4G Receiver: Device: "/dev/input/event4"
[    42.081] (--) evdev: Compx 2.4G Receiver: Vendor 0x25a7 Product 0xfa61
[    42.081] (--) evdev: Compx 2.4G Receiver: Found keys
[    42.081] (II) evdev: Compx 2.4G Receiver: Configuring as keyboard
[    42.081] (**) Option "config_info" "udev:/sys/devices/pci0000:00/0000:00:14.0/usb3/3-1/3-1:1.0/0003:25A7:FA61.0001/input/input4/event4"
[    42.081] (II) XINPUT: Adding extended input device "Compx 2.4G Receiver" (type: KEYBOARD, id 10)
[    42.081] (**) Option "xkb_rules" "evdev"
[    42.081] (**) Option "xkb_model" "pc105"
[    42.081] (**) Option "xkb_layout" "us"
[    42.082] (II) config/udev: Adding input device Compx 2.4G Receiver (/dev/input/event5)
[    42.082] (**) Compx 2.4G Receiver: Applying InputClass "evdev pointer catchall"
[    42.082] (**) Compx 2.4G Receiver: Applying InputClass "evdev keyboard catchall"
[    42.082] (II) Using input driver 'evdev' for 'Compx 2.4G Receiver'
[    42.082] (**) Compx 2.4G Receiver: always reports core events
[    42.082] (**) evdev: Compx 2.4G Receiver: Device: "/dev/input/event5"
[    42.082] (--) evdev: Compx 2.4G Receiver: Vendor 0x25a7 Product 0xfa61
[    42.082] (--) evdev: Compx 2.4G Receiver: Found 9 mouse buttons
[    42.082] (--) evdev: Compx 2.4G Receiver: Found scroll wheel(s)
[    42.082] (--) evdev: Compx 2.4G Receiver: Found relative axes
[    42.082] (--) evdev: Compx 2.4G Receiver: Found x and y relative axes
[    42.082] (--) evdev: Compx 2.4G Receiver: Found absolute axes
[    42.082] (II) evdev: Compx 2.4G Receiver: Forcing absolute x/y axes to exist.
[    42.082] (--) evdev: Compx 2.4G Receiver: Found keys
[    42.082] (II) evdev: Compx 2.4G Receiver: Configuring as mouse
[    42.082] (II) evdev: Compx 2.4G Receiver: Configuring as keyboard
[    42.082] (II) evdev: Compx 2.4G Receiver: Adding scrollwheel support
[    42.082] (**) evdev: Compx 2.4G Receiver: YAxisMapping: buttons 4 and 5
[    42.082] (**) evdev: Compx 2.4G Receiver: EmulateWheelButton: 4, EmulateWheelInertia: 10, EmulateWheelTimeout: 200
[    42.082] (**) Option "config_info" "udev:/sys/devices/pci0000:00/0000:00:14.0/usb3/3-1/3-1:1.1/0003:25A7:FA61.0002/input/input5/event5"
[    42.082] (II) XINPUT: Adding extended input device "Compx 2.4G Receiver" (type: KEYBOARD, id 11)
[    42.082] (**) Option "xkb_rules" "evdev"
[    42.082] (**) Option "xkb_model" "pc105"
[    42.082] (**) Option "xkb_layout" "us"
[    42.082] (II) evdev: Compx 2.4G Receiver: initialized for relative axes.
[    42.082] (WW) evdev: Compx 2.4G Receiver: ignoring absolute axes.
[    42.082] (**) Compx 2.4G Receiver: (accel) keeping acceleration scheme 1
[    42.082] (**) Compx 2.4G Receiver: (accel) acceleration profile 0
[    42.082] (**) Compx 2.4G Receiver: (accel) acceleration factor: 2.000
[    42.082] (**) Compx 2.4G Receiver: (accel) acceleration threshold: 4
[    42.082] (II) config/udev: Adding input device Compx 2.4G Receiver (/dev/input/mouse0)
[    42.082] (II) No input driver specified, ignoring this device.
[    42.082] (II) This device may have been added with another device file.
[    42.082] (II) config/udev: Adding input device HDA Intel PCH Front Mic (/dev/input/event11)
[    42.082] (II) No input driver specified, ignoring this device.
[    42.082] (II) This device may have been added with another device file.
[    42.083] (II) config/udev: Adding input device HDA Intel PCH Rear Mic (/dev/input/event12)
[    42.083] (II) No input driver specified, ignoring this device.
[    42.083] (II) This device may have been added with another device file.
[    42.083] (II) config/udev: Adding input device HDA Intel PCH Line (/dev/input/event13)
[    42.083] (II) No input driver specified, ignoring this device.
[    42.083] (II) This device may have been added with another device file.
[    42.083] (II) config/udev: Adding input device HDA Intel PCH Line Out Front (/dev/input/event14)
[    42.083] (II) No input driver specified, ignoring this device.
[    42.083] (II) This device may have been added with another device file.
[    42.083] (II) config/udev: Adding input device HDA Intel PCH Line Out Surround (/dev/input/event15)
[    42.083] (II) No input driver specified, ignoring this device.
[    42.083] (II) This device may have been added with another device file.
[    42.083] (II) config/udev: Adding input device HDA Intel PCH Line Out CLFE (/dev/input/event16)
[    42.083] (II) No input driver specified, ignoring this device.
[    42.083] (II) This device may have been added with another device file.
[    42.083] (II) config/udev: Adding input device HDA Intel PCH Front Headphone (/dev/input/event17)
[    42.083] (II) No input driver specified, ignoring this device.
[    42.083] (II) This device may have been added with another device file.
[    45.090] (II) modeset(0): EDID vendor "HWP", prod id 10598
[    45.090] (II) modeset(0): Using EDID range info for horizontal sync
[    45.090] (II) modeset(0): Using EDID range info for vertical refresh
[    45.090] (II) modeset(0): Printing DDC gathered Modelines:
[    45.090] (II) modeset(0): Modeline "1920x1080"x0.0  148.50  1920 2008 2052 2200  1080 1084 1089 1125 +hsync +vsync (67.5 kHz eP)
[    45.090] (II) modeset(0): Modeline "800x600"x0.0   40.00  800 840 968 1056  600 601 605 628 +hsync +vsync (37.9 kHz e)
[    45.090] (II) modeset(0): Modeline "640x480"x0.0   25.18  640 656 752 800  480 490 492 525 -hsync -vsync (31.5 kHz e)
[    45.090] (II) modeset(0): Modeline "720x400"x0.0   28.32  720 738 846 900  400 412 414 449 -hsync +vsync (31.5 kHz e)
[    45.090] (II) modeset(0): Modeline "1024x768"x0.0   65.00  1024 1048 1184 1344  768 771 777 806 -hsync -vsync (48.4 kHz e)
[    45.090] (II) modeset(0): Modeline "1920x1080"x60.0  172.80  1920 2040 2248 2576  1080 1081 1084 1118 -hsync +vsync (67.1 kHz e)
[    45.090] (II) modeset(0): Modeline "1280x720"x60.0   74.48  1280 1336 1472 1664  720 721 724 746 -hsync +vsync (44.8 kHz e)
[    45.090] (II) modeset(0): Modeline "1680x1050"x0.0  119.00  1680 1728 1760 1840  1050 1053 1059 1080 +hsync -vsync (64.7 kHz e)
[    45.090] (II) modeset(0): Modeline "1440x900"x0.0   88.75  1440 1488 1520 1600  900 903 909 926 +hsync -vsync (55.5 kHz e)
[    45.090] (II) modeset(0): Modeline "1280x1024"x0.0  108.00  1280 1328 1440 1688  1024 1025 1028 1066 +hsync +vsync (64.0 kHz e)
[    48.896] (II) modeset(0): EDID vendor "HWP", prod id 10598
[    48.896] (II) modeset(0): Using hsync ranges from config file
[    48.896] (II) modeset(0): Using vrefresh ranges from config file
[    48.896] (II) modeset(0): Printing DDC gathered Modelines:
[    48.896] (II) modeset(0): Modeline "1920x1080"x0.0  148.50  1920 2008 2052 2200  1080 1084 1089 1125 +hsync +vsync (67.5 kHz eP)
[    48.896] (II) modeset(0): Modeline "800x600"x0.0   40.00  800 840 968 1056  600 601 605 628 +hsync +vsync (37.9 kHz e)
[    48.896] (II) modeset(0): Modeline "640x480"x0.0   25.18  640 656 752 800  480 490 492 525 -hsync -vsync (31.5 kHz e)
[    48.896] (II) modeset(0): Modeline "720x400"x0.0   28.32  720 738 846 900  400 412 414 449 -hsync +vsync (31.5 kHz e)
[    48.896] (II) modeset(0): Modeline "1024x768"x0.0   65.00  1024 1048 1184 1344  768 771 777 806 -hsync -vsync (48.4 kHz e)
[    48.896] (II) modeset(0): Modeline "1920x1080"x60.0  172.80  1920 2040 2248 2576  1080 1081 1084 1118 -hsync +vsync (67.1 kHz e)
[    48.896] (II) modeset(0): Modeline "1280x720"x60.0   74.48  1280 1336 1472 1664  720 721 724 746 -hsync +vsync (44.8 kHz e)
[    48.896] (II) modeset(0): Modeline "1680x1050"x0.0  119.00  1680 1728 1760 1840  1050 1053 1059 1080 +hsync -vsync (64.7 kHz e)
[    48.896] (II) modeset(0): Modeline "1440x900"x0.0   88.75  1440 1488 1520 1600  900 903 909 926 +hsync -vsync (55.5 kHz e)
[    48.896] (II) modeset(0): Modeline "1280x1024"x0.0  108.00  1280 1328 1440 1688  1024 1025 1028 1066 +hsync +vsync (64.0 kHz e)
[    49.031] (II) modeset(0): EDID vendor "HWP", prod id 10598
[    49.031] (II) modeset(0): Using hsync ranges from config file
[    49.031] (II) modeset(0): Using vrefresh ranges from config file
[    49.031] (II) modeset(0): Printing DDC gathered Modelines:
[    49.031] (II) modeset(0): Modeline "1920x1080"x0.0  148.50  1920 2008 2052 2200  1080 1084 1089 1125 +hsync +vsync (67.5 kHz eP)
[    49.031] (II) modeset(0): Modeline "800x600"x0.0   40.00  800 840 968 1056  600 601 605 628 +hsync +vsync (37.9 kHz e)
[    49.031] (II) modeset(0): Modeline "640x480"x0.0   25.18  640 656 752 800  480 490 492 525 -hsync -vsync (31.5 kHz e)
[    49.031] (II) modeset(0): Modeline "720x400"x0.0   28.32  720 738 846 900  400 412 414 449 -hsync +vsync (31.5 kHz e)
[    49.031] (II) modeset(0): Modeline "1024x768"x0.0   65.00  1024 1048 1184 1344  768 771 777 806 -hsync -vsync (48.4 kHz e)
[    49.031] (II) modeset(0): Modeline "1920x1080"x60.0  172.80  1920 2040 2248 2576  1080 1081 1084 1118 -hsync +vsync (67.1 kHz e)
[    49.031] (II) modeset(0): Modeline "1280x720"x60.0   74.48  1280 1336 1472 1664  720 721 724 746 -hsync +vsync (44.8 kHz e)
[    49.031] (II) modeset(0): Modeline "1680x1050"x0.0  119.00  1680 1728 1760 1840  1050 1053 1059 1080 +hsync -vsync (64.7 kHz e)
[    49.031] (II) modeset(0): Modeline "1440x900"x0.0   88.75  1440 1488 1520 1600  900 903 909 926 +hsync -vsync (55.5 kHz e)
[    49.031] (II) modeset(0): Modeline "1280x1024"x0.0  108.00  1280 1328 1440 1688  1024 1025 1028 1066 +hsync +vsync (64.0 kHz e)
[    49.206] (II) modeset(0): EDID vendor "HWP", prod id 10598
[    49.206] (II) modeset(0): Using hsync ranges from config file
[    49.206] (II) modeset(0): Using vrefresh ranges from config file
[    49.206] (II) modeset(0): Printing DDC gathered Modelines:
[    49.206] (II) modeset(0): Modeline "1920x1080"x0.0  148.50  1920 2008 2052 2200  1080 1084 1089 1125 +hsync +vsync (67.5 kHz eP)
[    49.206] (II) modeset(0): Modeline "800x600"x0.0   40.00  800 840 968 1056  600 601 605 628 +hsync +vsync (37.9 kHz e)
[    49.206] (II) modeset(0): Modeline "640x480"x0.0   25.18  640 656 752 800  480 490 492 525 -hsync -vsync (31.5 kHz e)
[    49.206] (II) modeset(0): Modeline "720x400"x0.0   28.32  720 738 846 900  400 412 414 449 -hsync +vsync (31.5 kHz e)
[    49.206] (II) modeset(0): Modeline "1024x768"x0.0   65.00  1024 1048 1184 1344  768 771 777 806 -hsync -vsync (48.4 kHz e)
[    49.206] (II) modeset(0): Modeline "1920x1080"x60.0  172.80  1920 2040 2248 2576  1080 1081 1084 1118 -hsync +vsync (67.1 kHz e)
[    49.206] (II) modeset(0): Modeline "1280x720"x60.0   74.48  1280 1336 1472 1664  720 721 724 746 -hsync +vsync (44.8 kHz e)
[    49.206] (II) modeset(0): Modeline "1680x1050"x0.0  119.00  1680 1728 1760 1840  1050 1053 1059 1080 +hsync -vsync (64.7 kHz e)
[    49.206] (II) modeset(0): Modeline "1440x900"x0.0   88.75  1440 1488 1520 1600  900 903 909 926 +hsync -vsync (55.5 kHz e)
[    49.206] (II) modeset(0): Modeline "1280x1024"x0.0  108.00  1280 1328 1440 1688  1024 1025 1028 1066 +hsync +vsync (64.0 kHz e)
