Mar 19 07:39:01 LaMancha CRON[26259]: pam_unix(cron:session): session opened for user root by (uid=0)
Mar 19 07:39:01 LaMancha CRON[26259]: pam_unix(cron:session): session closed for user root
Mar 19 08:09:01 LaMancha CRON[26555]: pam_unix(cron:session): session opened for user root by (uid=0)
Mar 19 08:09:01 LaMancha CRON[26555]: pam_unix(cron:session): session closed for user root
Mar 19 08:15:31 LaMancha unix_chkpwd[26647]: password check failed for user (donquixote)
Mar 19 08:15:31 LaMancha compiz: pam_unix(unity:auth): authentication failure; logname= uid=1000 euid=1000 tty= ruser= rhost=  user=donquixote
Mar 19 08:17:01 LaMancha CRON[26662]: pam_unix(cron:session): session opened for user root by (uid=0)
Mar 19 08:17:01 LaMancha CRON[26662]: pam_unix(cron:session): session closed for user root
Mar 19 08:39:01 LaMancha CRON[26824]: pam_unix(cron:session): session opened for user root by (uid=0)
Mar 19 08:39:01 LaMancha CRON[26824]: pam_unix(cron:session): session closed for user root
Mar 19 09:09:01 LaMancha CRON[27106]: pam_unix(cron:session): session opened for user root by (uid=0)
Mar 19 09:09:01 LaMancha CRON[27106]: pam_unix(cron:session): session closed for user root
Mar 19 09:17:01 LaMancha CRON[27202]: pam_unix(cron:session): session opened for user root by (uid=0)
Mar 19 09:17:01 LaMancha CRON[27202]: pam_unix(cron:session): session closed for user root
Mar 19 09:39:01 LaMancha CRON[27383]: pam_unix(cron:session): session opened for user root by (uid=0)
Mar 19 09:39:01 LaMancha CRON[27383]: pam_unix(cron:session): session closed for user root
Mar 19 10:09:01 LaMancha CRON[27643]: pam_unix(cron:session): session opened for user root by (uid=0)
Mar 19 10:09:01 LaMancha CRON[27643]: pam_unix(cron:session): session closed for user root
Mar 19 10:17:01 LaMancha CRON[27750]: pam_unix(cron:session): session opened for user root by (uid=0)
Mar 19 10:17:01 LaMancha CRON[27750]: pam_unix(cron:session): session closed for user root
Mar 19 10:39:01 LaMancha CRON[27928]: pam_unix(cron:session): session opened for user root by (uid=0)
Mar 19 10:39:01 LaMancha CRON[27928]: pam_unix(cron:session): session closed for user root
Mar 19 11:09:01 LaMancha CRON[28191]: pam_unix(cron:session): session opened for user root by (uid=0)
Mar 19 11:09:01 LaMancha CRON[28191]: pam_unix(cron:session): session closed for user root
Mar 19 11:17:01 LaMancha CRON[28294]: pam_unix(cron:session): session opened for user root by (uid=0)
Mar 19 11:17:01 LaMancha CRON[28294]: pam_unix(cron:session): session closed for user root
Mar 19 11:39:01 LaMancha CRON[28463]: pam_unix(cron:session): session opened for user root by (uid=0)
Mar 19 11:39:01 LaMancha CRON[28463]: pam_unix(cron:session): session closed for user root
Mar 19 12:09:01 LaMancha CRON[28731]: pam_unix(cron:session): session opened for user root by (uid=0)
Mar 19 12:09:01 LaMancha CRON[28731]: pam_unix(cron:session): session closed for user root
Mar 19 12:17:01 LaMancha CRON[28842]: pam_unix(cron:session): session opened for user root by (uid=0)
Mar 19 12:17:01 LaMancha CRON[28842]: pam_unix(cron:session): session closed for user root
Mar 19 12:39:01 LaMancha CRON[29006]: pam_unix(cron:session): session opened for user root by (uid=0)
Mar 19 12:39:01 LaMancha CRON[29006]: pam_unix(cron:session): session closed for user root
Mar 19 13:09:01 LaMancha CRON[29312]: pam_unix(cron:session): session opened for user root by (uid=0)
Mar 19 13:09:01 LaMancha CRON[29312]: pam_unix(cron:session): session closed for user root
Mar 19 13:17:01 LaMancha CRON[29415]: pam_unix(cron:session): session opened for user root by (uid=0)
Mar 19 13:17:01 LaMancha CRON[29415]: pam_unix(cron:session): session closed for user root
Mar 19 13:39:01 LaMancha CRON[29589]: pam_unix(cron:session): session opened for user root by (uid=0)
Mar 19 13:39:01 LaMancha CRON[29589]: pam_unix(cron:session): session closed for user root
Mar 19 14:09:01 LaMancha CRON[29881]: pam_unix(cron:session): session opened for user root by (uid=0)
Mar 19 14:09:01 LaMancha CRON[29881]: pam_unix(cron:session): session closed for user root
Mar 19 14:17:01 LaMancha CRON[29993]: pam_unix(cron:session): session opened for user root by (uid=0)
Mar 19 14:17:01 LaMancha CRON[29993]: pam_unix(cron:session): session closed for user root
Mar 19 14:39:01 LaMancha CRON[30147]: pam_unix(cron:session): session opened for user root by (uid=0)
Mar 19 14:39:01 LaMancha CRON[30147]: pam_unix(cron:session): session closed for user root
Mar 19 15:09:01 LaMancha CRON[30418]: pam_unix(cron:session): session opened for user root by (uid=0)
Mar 19 15:09:02 LaMancha CRON[30418]: pam_unix(cron:session): session closed for user root
Mar 19 15:17:01 LaMancha CRON[30524]: pam_unix(cron:session): session opened for user root by (uid=0)
Mar 19 15:17:01 LaMancha CRON[30524]: pam_unix(cron:session): session closed for user root
Mar 19 15:39:01 LaMancha CRON[30682]: pam_unix(cron:session): session opened for user root by (uid=0)
Mar 19 15:39:01 LaMancha CRON[30682]: pam_unix(cron:session): session closed for user root
Mar 19 16:09:01 LaMancha CRON[30943]: pam_unix(cron:session): session opened for user root by (uid=0)
Mar 19 16:09:01 LaMancha CRON[30943]: pam_unix(cron:session): session closed for user root
Mar 19 16:17:01 LaMancha CRON[31050]: pam_unix(cron:session): session opened for user root by (uid=0)
Mar 19 16:17:01 LaMancha CRON[31050]: pam_unix(cron:session): session closed for user root
Mar 19 16:39:01 LaMancha CRON[31228]: pam_unix(cron:session): session opened for user root by (uid=0)
Mar 19 16:39:01 LaMancha CRON[31228]: pam_unix(cron:session): session closed for user root
Mar 19 17:09:01 LaMancha CRON[31499]: pam_unix(cron:session): session opened for user root by (uid=0)
Mar 19 17:09:01 LaMancha CRON[31499]: pam_unix(cron:session): session closed for user root
Mar 19 17:17:01 LaMancha CRON[31600]: pam_unix(cron:session): session opened for user root by (uid=0)
Mar 19 17:17:01 LaMancha CRON[31600]: pam_unix(cron:session): session closed for user root
Mar 19 17:39:01 LaMancha CRON[31772]: pam_unix(cron:session): session opened for user root by (uid=0)
Mar 19 17:39:01 LaMancha CRON[31772]: pam_unix(cron:session): session closed for user root
Mar 19 18:09:01 LaMancha CRON[32052]: pam_unix(cron:session): session opened for user root by (uid=0)
Mar 19 18:09:01 LaMancha CRON[32052]: pam_unix(cron:session): session closed for user root
Mar 19 18:17:01 LaMancha CRON[32156]: pam_unix(cron:session): session opened for user root by (uid=0)
Mar 19 18:17:01 LaMancha CRON[32156]: pam_unix(cron:session): session closed for user root
Mar 19 18:27:34 LaMancha compiz: gkr-pam: unlocked login keyring
Mar 19 18:27:53 LaMancha gnome-keyring-daemon[1379]: asked to register item /org/freedesktop/secrets/collection/login/1, but it's already registered
Mar 19 18:27:54 LaMancha gnome-keyring-daemon[1379]: asked to register item /org/freedesktop/secrets/collection/login/1, but it's already registered
Mar 19 18:28:18 LaMancha dbus[842]: [system] Failed to activate service 'org.bluez': timed out
Mar 19 18:32:01 LaMancha CRON[32675]: pam_unix(cron:session): session opened for user root by (uid=0)
Mar 19 18:32:01 LaMancha CRON[32675]: pam_unix(cron:session): session closed for user root
Mar 19 18:39:01 LaMancha CRON[714]: pam_unix(cron:session): session opened for user root by (uid=0)
Mar 19 18:39:01 LaMancha CRON[714]: pam_unix(cron:session): session closed for user root
Mar 19 19:09:01 LaMancha CRON[3004]: pam_unix(cron:session): session opened for user root by (uid=0)
Mar 19 19:09:01 LaMancha CRON[3004]: pam_unix(cron:session): session closed for user root
Mar 19 19:17:01 LaMancha CRON[3255]: pam_unix(cron:session): session opened for user root by (uid=0)
Mar 19 19:17:01 LaMancha CRON[3255]: pam_unix(cron:session): session closed for user root
Mar 19 19:34:41 LaMancha dbus[842]: [system] Failed to activate service 'org.bluez': timed out
Mar 19 19:39:01 LaMancha CRON[4382]: pam_unix(cron:session): session opened for user root by (uid=0)
Mar 19 19:39:01 LaMancha CRON[4382]: pam_unix(cron:session): session closed for user root
Mar 19 20:09:01 LaMancha CRON[5430]: pam_unix(cron:session): session opened for user root by (uid=0)
Mar 19 20:09:01 LaMancha CRON[5430]: pam_unix(cron:session): session closed for user root
Mar 19 20:17:01 LaMancha CRON[5886]: pam_unix(cron:session): session opened for user root by (uid=0)
Mar 19 20:17:01 LaMancha CRON[5886]: pam_unix(cron:session): session closed for user root
Mar 19 20:39:01 LaMancha CRON[6603]: pam_unix(cron:session): session opened for user root by (uid=0)
Mar 19 20:39:01 LaMancha CRON[6603]: pam_unix(cron:session): session closed for user root
